#
# A fatal error has been detected by the Java Runtime Environment:
#
#  SIGSEGV (0xb) at pc=0x00007f9c68bbc0ad, pid=9699, tid=9710
#
# JRE version: OpenJDK Runtime Environment (13.0+33) (build 13+33-Ubuntu-1)
# Java VM: OpenJDK 64-Bit Server VM (13+33-Ubuntu-1, mixed mode, sharing, tiered, compressed oops, serial gc, linux-amd64)
# Problematic frame:
# C  [libjimage.so+0x30ad]
#
# Core dump will be written. Default location: Core dumps may be processed with "/usr/share/apport/apport %p %s %c %d %P" (or dumping to /home/peer/eclipse-workspace/U11_17/core.9699)
#
# If you would like to submit a bug report, please visit:
#   Unknown
#

---------------  S U M M A R Y ------------

Command Line: -agentlib:jdwp=transport=dt_socket,suspend=y,address=localhost:39123 -javaagent:/home/peer/eclipse/java-2019-12/eclipse/configuration/org.eclipse.osgi/220/0/.cp/lib/javaagent-shaded.jar -Dfile.encoding=UTF-8 lessenfeburary_march.ArrayList2_28

Host: Intel(R) Core(TM) i5-8210Y CPU @ 1.60GHz, 1 cores, 8G, Ubuntu 19.10
Time: Tue Feb 25 16:30:16 2020 CET elapsed time: 270 seconds (0d 0h 4m 30s)

---------------  T H R E A D  ---------------

Current thread (0x00007f9c6409b800):  JavaThread "Signal Dispatcher" daemon [_thread_in_vm, id=9710, stack(0x00007f9c4aec3000,0x00007f9c4afc4000)]

Stack: [0x00007f9c4aec3000,0x00007f9c4afc4000],  sp=0x00007f9c4afc1220,  free space=1016k
Native frames: (J=compiled Java code, A=aot compiled Java code, j=interpreted, Vv=VM code, C=native code)
C  [libjimage.so+0x30ad]
C  [libjimage.so+0x3c72]
C  [libjimage.so+0x4181]  JIMAGE_FindResource+0xf1
V  [libjvm.so+0x5c7f96]
V  [libjvm.so+0x5c9ec3]
V  [libjvm.so+0xed3c53]
V  [libjvm.so+0xed27a2]
V  [libjvm.so+0xed522d]
V  [libjvm.so+0x6754cb]
V  [libjvm.so+0x878236]
j  jdk.internal.misc.Signal.dispatch(I)V+25 java.base@13
v  ~StubRoutines::call_stub
V  [libjvm.so+0x8804d1]
V  [libjvm.so+0x87f51a]
V  [libjvm.so+0xc3790e]
V  [libjvm.so+0xf1a96e]
V  [libjvm.so+0xf1fdbf]
V  [libjvm.so+0xc48acf]

Java frames: (J=compiled Java code, j=interpreted, Vv=VM code)
j  jdk.internal.misc.Signal.dispatch(I)V+25 java.base@13
v  ~StubRoutines::call_stub

siginfo: si_signo: 11 (SIGSEGV), si_code: 1 (SEGV_MAPERR), si_addr: 0x00007f9c5b7b6530

Register to memory mapping:

RAX=0x0000000000004945 is an unknown value
RBX=0x00007f9c4afc12d1 is pointing into the stack for thread: 0x00007f9c6409b800
RCX=0x00007f9c4afc12f3 is pointing into the stack for thread: 0x00007f9c6409b800
RDX=0x0000000000004945 is an unknown value
RSP=0x00007f9c4afc1220 is pointing into the stack for thread: 0x00007f9c6409b800
RBP=0x00007f9c4afc1240 is pointing into the stack for thread: 0x00007f9c6409b800
RSI=0x0 is NULL
RDI=0x00007f9c68bc1130: <offset 0x0000000000008130> in /usr/lib/jvm/java-13-openjdk-amd64/lib/libjimage.so at 0x00007f9c68bb9000
R8 =0x00007f9c5b7a401c is an unknown value
R9 =0x00007f9c4afc20e0 is pointing into the stack for thread: 0x00007f9c6409b800
R10=0x0000000000000031 is an unknown value
R11=0x00007f9c4afc2448 is pointing into the stack for thread: 0x00007f9c6409b800
R12=0x000000000000844b is an unknown value
R13=0x00007f9c4afc12d0 is pointing into the stack for thread: 0x00007f9c6409b800
R14=0x0 is NULL
R15=0x00007f9c6409c090 points into unknown readable memory: 6a 64 6b 2f 69 6e 74 65


Registers:
RAX=0x0000000000004945, RBX=0x00007f9c4afc12d1, RCX=0x00007f9c4afc12f3, RDX=0x0000000000004945
RSP=0x00007f9c4afc1220, RBP=0x00007f9c4afc1240, RSI=0x0000000000000000, RDI=0x00007f9c68bc1130
R8 =0x00007f9c5b7a401c, R9 =0x00007f9c4afc20e0, R10=0x0000000000000031, R11=0x00007f9c4afc2448
R12=0x000000000000844b, R13=0x00007f9c4afc12d0, R14=0x0000000000000000, R15=0x00007f9c6409c090
RIP=0x00007f9c68bbc0ad, EFLAGS=0x0000000000010246, CSGSFS=0x002b000000000033, ERR=0x0000000000000004
  TRAPNO=0x000000000000000e

Top of Stack: (sp=0x00007f9c4afc1220)
0x00007f9c4afc1220:   0000000000000000 00007f9c4afc2368
0x00007f9c4afc1230:   00007f9c64026100 00007f9c4afc12d0
0x00007f9c4afc1240:   00007f9c4afc12b0 00007f9c68bbcc72
0x00007f9c4afc1250:   0000000000000000 0000000000000000 

Instructions: (pc=0x00007f9c68bbc0ad)
0x00007f9c68bbbfad:   f3 ff ff 44 03 65 90 e9 3f fe ff ff 0f 1f 80 00
0x00007f9c68bbbfbd:   00 00 00 41 8b 10 41 89 55 00 41 8b 54 00 fc 41
0x00007f9c68bbbfcd:   89 54 05 fc e9 82 fc ff ff 66 2e 0f 1f 84 00 00
0x00007f9c68bbbfdd:   00 00 00 b9 0a 00 00 00 e9 f0 fc ff ff 41 0f b7
0x00007f9c68bbbfed:   54 00 fe 66 41 89 54 05 fe e9 5d fc ff ff 0f 1f
0x00007f9c68bbbffd:   44 00 00 f3 0f 1e fa 0f b6 17 89 f0 89 f1 4c 8d
0x00007f9c68bbc00d:   47 01 84 d2 74 1c 0f 1f 44 00 00 69 c9 93 01 00
0x00007f9c68bbc01d:   01 49 83 c0 01 31 d1 41 0f b6 50 ff 84 d2 75 eb
0x00007f9c68bbc02d:   89 c8 25 ff ff ff 7f c3 90 66 2e 0f 1f 84 00 00
0x00007f9c68bbc03d:   00 00 00 f3 0f 1e fa 48 85 d2 0f 84 da 00 00 00
0x00007f9c68bbc04d:   55 48 89 e5 41 55 41 54 41 89 cc 53 48 83 ec 08
0x00007f9c68bbc05d:   85 c9 0f 84 ba 00 00 00 49 89 f5 48 8d 5e 01 0f
0x00007f9c68bbc06d:   b6 36 49 89 d0 40 84 f6 0f 84 9d 00 00 00 48 89
0x00007f9c68bbc07d:   d9 b8 93 01 00 01 0f 1f 44 00 00 69 d0 93 01 00
0x00007f9c68bbc08d:   01 48 83 c1 01 40 0f b6 c6 0f b6 71 ff 31 d0 40
0x00007f9c68bbc09d:   84 f6 75 e7 25 ff ff ff 7f 31 d2 41 f7 f4 89 d0
0x00007f9c68bbc0ad:   41 8b 34 80 48 8b 07 ff 50 20 85 c0 7f 15 74 62
0x00007f9c68bbc0bd:   f7 d0 41 89 c0 48 83 c4 08 44 89 c0 5b 41 5c 41
0x00007f9c68bbc0cd:   5d 5d c3 41 0f b6 4d 00 89 c6 84 c9 74 1b 0f 1f
0x00007f9c68bbc0dd:   44 00 00 69 f6 93 01 00 01 48 83 c3 01 31 ce 0f
0x00007f9c68bbc0ed:   b6 4b ff 84 c9 75 ec 89 f0 25 ff ff ff 7f 31 d2
0x00007f9c68bbc0fd:   48 83 c4 08 41 f7 f4 5b 41 5c 41 5d 5d 41 89 d0
0x00007f9c68bbc10d:   44 89 c0 c3 0f 1f 80 00 00 00 00 b8 93 01 00 01
0x00007f9c68bbc11d:   eb 87 41 b8 ff ff ff ff eb 9b 41 83 c8 ff 44 89
0x00007f9c68bbc12d:   c0 c3 90 f3 0f 1e fa eb 1d 66 2e 0f 1f 84 00 00
0x00007f9c68bbc13d:   00 00 00 0f b6 16 84 d2 74 13 