#
# A fatal error has been detected by the Java Runtime Environment:
#
#  SIGSEGV (0xb) at pc=0x00007f34235a70ad, pid=14724, tid=14745
#
# JRE version: OpenJDK Runtime Environment (13.0+33) (build 13+33-Ubuntu-1)
# Java VM: OpenJDK 64-Bit Server VM (13+33-Ubuntu-1, mixed mode, sharing, tiered, compressed oops, serial gc, linux-amd64)
# Problematic frame:
# C  [libjimage.so+0x30ad]
#
# Core dump will be written. Default location: Core dumps may be processed with "/usr/share/apport/apport %p %s %c %d %P" (or dumping to /home/peer/eclipse-workspace/U11_17/core.14724)
#
# If you would like to submit a bug report, please visit:
#   Unknown
#

---------------  S U M M A R Y ------------

Command Line: -agentlib:jdwp=transport=dt_socket,suspend=y,address=localhost:35797 -javaagent:/home/peer/eclipse/java-2019-12/eclipse/configuration/org.eclipse.osgi/220/0/.cp/lib/javaagent-shaded.jar -Dfile.encoding=UTF-8 lessenfeburary_march.ArrayList2_28

Host: Intel(R) Core(TM) i5-8210Y CPU @ 1.60GHz, 1 cores, 8G, Ubuntu 19.10
Time: Wed Feb 26 19:02:59 2020 CET elapsed time: 717 seconds (0d 0h 11m 57s)

---------------  T H R E A D  ---------------

Current thread (0x00007f341c09b800):  JavaThread "Signal Dispatcher" daemon [_thread_in_vm, id=14745, stack(0x00007f34211f9000,0x00007f34212fa000)]

Stack: [0x00007f34211f9000,0x00007f34212fa000],  sp=0x00007f34212f7220,  free space=1016k
Native frames: (J=compiled Java code, A=aot compiled Java code, j=interpreted, Vv=VM code, C=native code)
C  [libjimage.so+0x30ad]
C  [libjimage.so+0x3c72]
C  [libjimage.so+0x4181]  JIMAGE_FindResource+0xf1
V  [libjvm.so+0x5c7f96]